<?xml version="1.0" encoding="UTF-8"?>
<!-- Generated by org.testng.reporters.JUnitReportReporter -->
<testsuite hostname="LAPTOP-HEPN219V" failures="0" tests="1" name="appium_frame.Testcase1" time="46.705" errors="0" timestamp="2022-12-11T07:09:03 IST" skipped="0">
  <testcase classname="appium_frame.Testcase1" name="tc1" time="46.705"/>
  <system-out/>
</testsuite> <!-- appium_frame.Testcase1 -->
